Using pre-set license
Built from '2020.3/staging' branch; Version is '2020.3.15f1 (5e502cb56e17) revision 6180908'; Using compiler version '192528614'; Build Type 'Release'
OS: 'Windows 10 Pro; OS build 19043.1110; Version 2009; 64bit' Language: 'pt' Physical Memory: 8145 MB
BatchMode: 1, IsHumanControllingUs: 0, StartBugReporterOnCrash: 0, Is64bit: 1, IsPro: 0

 COMMAND LINE ARGUMENTS:
C:\Program Files\Unity\Hub\Editor\2020.3.15f1\Editor\Unity.exe
-adb2
-batchMode
-noUpm
-name
AssetImportWorker0
-projectPath
D:/files/OneDrive/Documentos/PROJECTS_UNITY/World-Quests
-logFile
Logs/AssetImportWorker0.log
-srvPort
59803
Successfully changed project path to: D:/files/OneDrive/Documentos/PROJECTS_UNITY/World-Quests
D:/files/OneDrive/Documentos/PROJECTS_UNITY/World-Quests
Using Asset Import Pipeline V2.
Refreshing native plugins compatible for Editor in 87.86 ms, found 3 plugins.
Preloading 0 native plugins for Editor in 0.00 ms.
Initialize engine version: 2020.3.15f1 (5e502cb56e17)
[Subsystems] Discovering subsystems at path C:/Program Files/Unity/Hub/Editor/2020.3.15f1/Editor/Data/Resources/UnitySubsystems
[Subsystems] Discovering subsystems at path D:/files/OneDrive/Documentos/PROJECTS_UNITY/World-Quests/Assets
GfxDevice: creating device client; threaded=0
Direct3D:
    Version:  Direct3D 11.0 [level 11.0]
    Renderer: NVIDIA GeForce GT 710 (ID=0x128b)
    Vendor:   
    VRAM:     2007 MB
    Driver:   27.21.14.5671
Initialize mono
Mono path[0] = 'C:/Program Files/Unity/Hub/Editor/2020.3.15f1/Editor/Data/Managed'
Mono path[1] = 'C:/Program Files/Unity/Hub/Editor/2020.3.15f1/Editor/Data/MonoBleedingEdge/lib/mono/unityjit'
Mono config path = 'C:/Program Files/Unity/Hub/Editor/2020.3.15f1/Editor/Data/MonoBleedingEdge/etc'
Using monoOptions --debugger-agent=transport=dt_socket,embedding=1,server=y,suspend=n,address=127.0.0.1:56444
Begin MonoManager ReloadAssembly
Registering precompiled unity dll's ...
Register platform support module: C:/Program Files/Unity/Hub/Editor/2020.3.15f1/Editor/Data/PlaybackEngines/WebGLSupport/UnityEditor.WebGL.Extensions.dll
Register platform support module: C:/Program Files/Unity/Hub/Editor/2020.3.15f1/Editor/Data/PlaybackEngines/WindowsStandaloneSupport/UnityEditor.WindowsStandalone.Extensions.dll
Registered in 0.004318 seconds.
Native extension for WindowsStandalone target not found
Native extension for WebGL target not found
Refreshing native plugins compatible for Editor in 78.94 ms, found 3 plugins.
Preloading 0 native plugins for Editor in 0.00 ms.
Mono: successfully reloaded assembly
- Completed reload, in  3.112 seconds
Domain Reload Profiling:
	ReloadAssembly (3113ms)
		BeginReloadAssembly (87ms)
			ExecutionOrderSort (0ms)
			DisableScriptedObjects (0ms)
			BackupInstance (0ms)
			ReleaseScriptingObjects (0ms)
			CreateAndSetChildDomain (1ms)
		EndReloadAssembly (668ms)
			LoadAssemblies (84ms)
			RebuildTransferFunctionScriptingTraits (0ms)
			SetupTypeCache (224ms)
			ReleaseScriptCaches (0ms)
			RebuildScriptCaches (46ms)
			SetupLoadedEditorAssemblies (285ms)
				LogAssemblyErrors (0ms)
				InitializePlatformSupportModulesInManaged (11ms)
				SetLoadedEditorAssemblies (0ms)
				RefreshPlugins (79ms)
				BeforeProcessingInitializeOnLoad (21ms)
				ProcessInitializeOnLoadAttributes (131ms)
				ProcessInitializeOnLoadMethodAttributes (43ms)
				AfterProcessingInitializeOnLoad (0ms)
				EditorAssembliesLoaded (0ms)
			ExecutionOrderSort2 (0ms)
			AwakeInstancesAfterBackupRestoration (0ms)
Platform modules already initialized, skipping
Registering precompiled user dll's ...
Registered in 0.006005 seconds.
Begin MonoManager ReloadAssembly
Native extension for WindowsStandalone target not found
Native extension for WebGL target not found
Refreshing native plugins compatible for Editor in 82.11 ms, found 3 plugins.
Preloading 0 native plugins for Editor in 0.00 ms.
Mono: successfully reloaded assembly
- Completed reload, in  2.266 seconds
Domain Reload Profiling:
	ReloadAssembly (2267ms)
		BeginReloadAssembly (248ms)
			ExecutionOrderSort (0ms)
			DisableScriptedObjects (8ms)
			BackupInstance (0ms)
			ReleaseScriptingObjects (0ms)
			CreateAndSetChildDomain (24ms)
		EndReloadAssembly (1920ms)
			LoadAssemblies (165ms)
			RebuildTransferFunctionScriptingTraits (0ms)
			SetupTypeCache (669ms)
			ReleaseScriptCaches (1ms)
			RebuildScriptCaches (81ms)
			SetupLoadedEditorAssemblies (810ms)
				LogAssemblyErrors (0ms)
				InitializePlatformSupportModulesInManaged (9ms)
				SetLoadedEditorAssemblies (1ms)
				RefreshPlugins (82ms)
				BeforeProcessingInitializeOnLoad (159ms)
				ProcessInitializeOnLoadAttributes (513ms)
				ProcessInitializeOnLoadMethodAttributes (24ms)
				AfterProcessingInitializeOnLoad (22ms)
				EditorAssembliesLoaded (1ms)
			ExecutionOrderSort2 (0ms)
			AwakeInstancesAfterBackupRestoration (11ms)
Platform modules already initialized, skipping
========================================================================
Worker process is ready to serve import requests
Launched and connected shader compiler UnityShaderCompiler.exe after 0.22 seconds
Refreshing native plugins compatible for Editor in 0.88 ms, found 3 plugins.
Preloading 0 native plugins for Editor in 0.00 ms.
Unloading 2262 Unused Serialized files (Serialized files now loaded: 0)
System memory in use before: 100.3 MB.
System memory in use after: 100.4 MB.

Unloading 41 unused Assets to reduce memory usage. Loaded Objects now: 2687.
Total: 3.313900 ms (FindLiveObjects: 0.243900 ms CreateObjectMapping: 0.122400 ms MarkObjects: 2.848300 ms  DeleteObjects: 0.097800 ms)

AssetImportParameters requested are different than current active one (requested -> active):
  custom:framework-win-MediaFoundation: 216162199b28c13a410421893ffa2e32 -> 
  custom:video-decoder-ogg-theora: a1e56fd34408186e4bbccfd4996cb3dc -> 
  custom:container-muxer-webm: aa71ff27fc2769a1b78a27578f13a17b -> 
  custom:container-demuxer-webm: 4f35f7cbe854078d1ac9338744f61a02 -> 
  custom:container-demuxer-ogg: 62fdf1f143b41e24485cea50d1cbac27 -> 
  custom:video-encoder-webm-vp8: eb34c28f22e8b96e1ab97ce403110664 -> 
  custom:video-decoder-webm-vp8: 9c59270c3fd7afecdb556c50c9e8de78 -> 
  custom:audio-decoder-ogg-vorbis: bf7c407c2cedff20999df2af8eb42d56 -> 
  custom:audio-encoder-webm-vorbis: bf7c407c2cedff20999df2af8eb42d56 -> 
========================================================================
Received Import Request.
  path: Assets/Scenes/GAME.unity
  artifactKey: Guid(d241b7d07e7b39e45ac6cbc038f090f0) Importer(815301076,1909f56bfc062723c751e8b465ee728b)
Start importing Assets/Scenes/GAME.unity using Guid(d241b7d07e7b39e45ac6cbc038f090f0) Importer(815301076,1909f56bfc062723c751e8b465ee728b)  -> (artifact id: 'fbb5818ca05222b99335f78e80f31ad6') in 0.041064 seconds 
  Import took 0.047662 seconds .

========================================================================
Received Import Request.
  Time since last request: 0.000490 seconds.
  path: Assets/Scenes
  artifactKey: Guid(bbbc74fad6ed1d243aee6102298f428b) Importer(815301076,1909f56bfc062723c751e8b465ee728b)
Start importing Assets/Scenes using Guid(bbbc74fad6ed1d243aee6102298f428b) Importer(815301076,1909f56bfc062723c751e8b465ee728b)  -> (artifact id: 'e5dbec696193c38863c4c41fa5f72bd9') in 0.010865 seconds 
  Import took 0.026602 seconds .

========================================================================
Received Import Request.
  Time since last request: 38.332986 seconds.
  path: Assets/Scenes/GAME1.unity
  artifactKey: Guid(5bb44d86af71a054e82303468e7fc6de) Importer(815301076,1909f56bfc062723c751e8b465ee728b)
Start importing Assets/Scenes/GAME1.unity using Guid(5bb44d86af71a054e82303468e7fc6de) Importer(815301076,1909f56bfc062723c751e8b465ee728b)  -> (artifact id: '907207a95f7affc5f7d95fbd517450f7') in 0.012694 seconds 
  Import took 0.017630 seconds .

========================================================================
Received Import Request.
  Time since last request: 63.679619 seconds.
  path: Assets/Images/logo.png
  artifactKey: Guid(90937eb429ed2ec4db7cab2f4aca455e) Importer(815301076,1909f56bfc062723c751e8b465ee728b)
Start importing Assets/Images/logo.png using Guid(90937eb429ed2ec4db7cab2f4aca455e) Importer(815301076,1909f56bfc062723c751e8b465ee728b)  -> (artifact id: '9a2fe766c209c9f1afb20d5e0e5f08b9') in 0.515871 seconds 
  Import took 0.537389 seconds .

========================================================================
Received Import Request.
  Time since last request: 42.312350 seconds.
  path: Assets/SoftEffects/Sprites/Bkg.png
  artifactKey: Guid(cd13b47a0a74e6c459a3db9b19ac0602) Importer(815301076,1909f56bfc062723c751e8b465ee728b)
Start importing Assets/SoftEffects/Sprites/Bkg.png using Guid(cd13b47a0a74e6c459a3db9b19ac0602) Importer(815301076,1909f56bfc062723c751e8b465ee728b)  -> (artifact id: '4e7f17819ae2a5015380adf08c9ce0be') in 0.066588 seconds 
  Import took 0.075464 seconds .

========================================================================
Received Import Request.
  Time since last request: 0.003866 seconds.
  path: Assets/SoftEffects/Sprites/Bkg.png
  artifactKey: Guid(cd13b47a0a74e6c459a3db9b19ac0602) Importer(815301076,1909f56bfc062723c751e8b465ee728b)
Start importing Assets/SoftEffects/Sprites/Bkg.png using Guid(cd13b47a0a74e6c459a3db9b19ac0602) Importer(815301076,1909f56bfc062723c751e8b465ee728b)  -> (artifact id: '4e7f17819ae2a5015380adf08c9ce0be') in 0.028585 seconds 
  Import took 0.034518 seconds .

========================================================================
Received Prepare
Registering precompiled user dll's ...
Registered in 0.006174 seconds.
Begin MonoManager ReloadAssembly
Native extension for WindowsStandalone target not found
Native extension for WebGL target not found
Refreshing native plugins compatible for Editor in 0.80 ms, found 3 plugins.
Preloading 0 native plugins for Editor in 0.00 ms.
Mono: successfully reloaded assembly
- Completed reload, in  1.862 seconds
Domain Reload Profiling:
	ReloadAssembly (1863ms)
		BeginReloadAssembly (158ms)
			ExecutionOrderSort (0ms)
			DisableScriptedObjects (9ms)
			BackupInstance (0ms)
			ReleaseScriptingObjects (0ms)
			CreateAndSetChildDomain (44ms)
		EndReloadAssembly (1610ms)
			LoadAssemblies (145ms)
			RebuildTransferFunctionScriptingTraits (0ms)
			SetupTypeCache (440ms)
			ReleaseScriptCaches (1ms)
			RebuildScriptCaches (66ms)
			SetupLoadedEditorAssemblies (733ms)
				LogAssemblyErrors (0ms)
				InitializePlatformSupportModulesInManaged (13ms)
				SetLoadedEditorAssemblies (1ms)
				RefreshPlugins (1ms)
				BeforeProcessingInitializeOnLoad (212ms)
				ProcessInitializeOnLoadAttributes (487ms)
				ProcessInitializeOnLoadMethodAttributes (8ms)
				AfterProcessingInitializeOnLoad (12ms)
				EditorAssembliesLoaded (0ms)
			ExecutionOrderSort2 (0ms)
			AwakeInstancesAfterBackupRestoration (15ms)
Platform modules already initialized, skipping
Refreshing native plugins compatible for Editor in 0.88 ms, found 3 plugins.
Preloading 0 native plugins for Editor in 0.00 ms.
Unloading 2235 Unused Serialized files (Serialized files now loaded: 0)
System memory in use before: 101.3 MB.
System memory in use after: 101.4 MB.

Unloading 29 unused Assets to reduce memory usage. Loaded Objects now: 2699.
Total: 3.871400 ms (FindLiveObjects: 0.622700 ms CreateObjectMapping: 0.100400 ms MarkObjects: 3.121000 ms  DeleteObjects: 0.025400 ms)

AssetImportParameters requested are different than current active one (requested -> active):
  custom:framework-win-MediaFoundation: 216162199b28c13a410421893ffa2e32 -> 
  custom:video-decoder-ogg-theora: a1e56fd34408186e4bbccfd4996cb3dc -> 
  custom:container-muxer-webm: aa71ff27fc2769a1b78a27578f13a17b -> 
  custom:container-demuxer-webm: 4f35f7cbe854078d1ac9338744f61a02 -> 
  custom:container-demuxer-ogg: 62fdf1f143b41e24485cea50d1cbac27 -> 
  custom:video-encoder-webm-vp8: eb34c28f22e8b96e1ab97ce403110664 -> 
  custom:video-decoder-webm-vp8: 9c59270c3fd7afecdb556c50c9e8de78 -> 
  custom:audio-decoder-ogg-vorbis: bf7c407c2cedff20999df2af8eb42d56 -> 
  custom:audio-encoder-webm-vorbis: bf7c407c2cedff20999df2af8eb42d56 -> 
========================================================================
Received Import Request.
  Time since last request: 56.243767 seconds.
  path: Assets/SoftEffects/Sprites/Utils/32x32(20x20).png
  artifactKey: Guid(4f9abbde736657347b8b78b346345284) Importer(815301076,1909f56bfc062723c751e8b465ee728b)
Start importing Assets/SoftEffects/Sprites/Utils/32x32(20x20).png using Guid(4f9abbde736657347b8b78b346345284) Importer(815301076,1909f56bfc062723c751e8b465ee728b)  -> (artifact id: 'be3a6b3ddbfedc6c97a8b1cfa4fc6525') in 0.090787 seconds 
  Import took 0.097478 seconds .

========================================================================
Received Import Request.
  Time since last request: 0.000246 seconds.
  path: Assets/SoftEffects/EditFolder/Cartwheel_SEFont_4/Cartwheel_se_rep_edit.png
  artifactKey: Guid(c831e350a316d4c458ef5036bf6a4b7d) Importer(815301076,1909f56bfc062723c751e8b465ee728b)
Start importing Assets/SoftEffects/EditFolder/Cartwheel_SEFont_4/Cartwheel_se_rep_edit.png using Guid(c831e350a316d4c458ef5036bf6a4b7d) Importer(815301076,1909f56bfc062723c751e8b465ee728b)  -> (artifact id: '61a1ee6bcf1ea123f0993ba958a3920c') in 0.097459 seconds 
  Import took 0.104070 seconds .

========================================================================
Received Import Request.
  Time since last request: 0.000270 seconds.
  path: Assets/Images/fundo (3).jpg
  artifactKey: Guid(c385cfa986b88b24c89fc43ec39bfd01) Importer(815301076,1909f56bfc062723c751e8b465ee728b)
Start importing Assets/Images/fundo (3).jpg using Guid(c385cfa986b88b24c89fc43ec39bfd01) Importer(815301076,1909f56bfc062723c751e8b465ee728b)  -> (artifact id: '4eb44f06ff1be5e02b347bdece785f1e') in 0.049288 seconds 
  Import took 0.055109 seconds .

========================================================================
Received Import Request.
  Time since last request: 0.000227 seconds.
  path: Assets/SoftEffects/Sprites/a.psd
  artifactKey: Guid(d41460ce2fca1544e828fb6337d2f03f) Importer(815301076,1909f56bfc062723c751e8b465ee728b)
Start importing Assets/SoftEffects/Sprites/a.psd using Guid(d41460ce2fca1544e828fb6337d2f03f) Importer(815301076,1909f56bfc062723c751e8b465ee728b)  -> (artifact id: 'ae2b19cfea1e1f5e5a3c35be466eef78') in 0.098688 seconds 
  Import took 0.105707 seconds .

========================================================================
Received Import Request.
  Time since last request: 0.000221 seconds.
  path: Assets/SoftEffects/EditFolder/Accuratist_SEFont_3/Accuratist_se_rep_edit.png
  artifactKey: Guid(bf1de3e3619e3eb4d813f81d96839023) Importer(815301076,1909f56bfc062723c751e8b465ee728b)
Start importing Assets/SoftEffects/EditFolder/Accuratist_SEFont_3/Accuratist_se_rep_edit.png using Guid(bf1de3e3619e3eb4d813f81d96839023) Importer(815301076,1909f56bfc062723c751e8b465ee728b)  -> (artifact id: 'f3e1c28abd2ea24c50f2eb14dd3e9cf6') in 0.038300 seconds 
  Import took 0.042771 seconds .

========================================================================
Received Import Request.
  Time since last request: 0.000242 seconds.
  path: Assets/SoftEffects/Sprites/a.psd
  artifactKey: Guid(d41460ce2fca1544e828fb6337d2f03f) Importer(815301076,1909f56bfc062723c751e8b465ee728b)
Start importing Assets/SoftEffects/Sprites/a.psd using Guid(d41460ce2fca1544e828fb6337d2f03f) Importer(815301076,1909f56bfc062723c751e8b465ee728b)  -> (artifact id: 'ae2b19cfea1e1f5e5a3c35be466eef78') in 0.030921 seconds 
  Import took 0.040624 seconds .

========================================================================
Received Import Request.
  Time since last request: 0.000300 seconds.
  path: Assets/SoftEffects/EditFolder/Accuratist_SEFont_3/Accuratist_se_rep_edit.png
  artifactKey: Guid(bf1de3e3619e3eb4d813f81d96839023) Importer(815301076,1909f56bfc062723c751e8b465ee728b)
Start importing Assets/SoftEffects/EditFolder/Accuratist_SEFont_3/Accuratist_se_rep_edit.png using Guid(bf1de3e3619e3eb4d813f81d96839023) Importer(815301076,1909f56bfc062723c751e8b465ee728b)  -> (artifact id: 'f3e1c28abd2ea24c50f2eb14dd3e9cf6') in 0.024046 seconds 
  Import took 0.032797 seconds .

========================================================================
Received Import Request.
  Time since last request: 0.000473 seconds.
  path: Assets/SoftEffects/EditFolder/calibrib_SEFont_2/calibrib_se_rep_edit.png
  artifactKey: Guid(2849e26892fce9a449ba579cf1c3c4c5) Importer(815301076,1909f56bfc062723c751e8b465ee728b)
Start importing Assets/SoftEffects/EditFolder/calibrib_SEFont_2/calibrib_se_rep_edit.png using Guid(2849e26892fce9a449ba579cf1c3c4c5) Importer(815301076,1909f56bfc062723c751e8b465ee728b)  -> (artifact id: 'ae5679658fbd94b3799050afabb9038f') in 0.040477 seconds 
  Import took 0.050567 seconds .

========================================================================
Received Import Request.
  Time since last request: 0.000228 seconds.
  path: Assets/Images/fundo (2).jpg
  artifactKey: Guid(8692c886fde908544b3f87c7e0b72b77) Importer(815301076,1909f56bfc062723c751e8b465ee728b)
Start importing Assets/Images/fundo (2).jpg using Guid(8692c886fde908544b3f87c7e0b72b77) Importer(815301076,1909f56bfc062723c751e8b465ee728b)  -> (artifact id: '868f0b968586924428ddd3a3b3cee34e') in 0.082920 seconds 
  Import took 0.089180 seconds .

========================================================================
Received Import Request.
  Time since last request: 0.000335 seconds.
  path: Assets/Images/fundo (1).jpg
  artifactKey: Guid(5a86998f72e8bf6459d6e70d35ba1bf6) Importer(815301076,1909f56bfc062723c751e8b465ee728b)
Start importing Assets/Images/fundo (1).jpg using Guid(5a86998f72e8bf6459d6e70d35ba1bf6) Importer(815301076,1909f56bfc062723c751e8b465ee728b)  -> (artifact id: '4a0a25c2d2cbafb98ee175a1a709af0f') in 0.036807 seconds 
  Import took 0.044807 seconds .

========================================================================
Received Import Request.
  Time since last request: 0.000333 seconds.
  path: Assets/SoftEffects/Sprites/Utils/32x32(20x20).png
  artifactKey: Guid(4f9abbde736657347b8b78b346345284) Importer(815301076,1909f56bfc062723c751e8b465ee728b)
Start importing Assets/SoftEffects/Sprites/Utils/32x32(20x20).png using Guid(4f9abbde736657347b8b78b346345284) Importer(815301076,1909f56bfc062723c751e8b465ee728b)  -> (artifact id: 'be3a6b3ddbfedc6c97a8b1cfa4fc6525') in 0.015234 seconds 
  Import took 0.020957 seconds .

========================================================================
Received Import Request.
  Time since last request: 1.124026 seconds.
  path: Assets/SoftEffects/Sprites/Game Background 3.png
  artifactKey: Guid(2e4537b77d23e204abf7c31cd7c48fc6) Importer(815301076,1909f56bfc062723c751e8b465ee728b)
Start importing Assets/SoftEffects/Sprites/Game Background 3.png using Guid(2e4537b77d23e204abf7c31cd7c48fc6) Importer(815301076,1909f56bfc062723c751e8b465ee728b)  -> (artifact id: '5eaf5f6286ec4d68955f81ed1a063bf9') in 0.069669 seconds 
  Import took 0.075886 seconds .

========================================================================
Received Import Request.
  Time since last request: 0.000284 seconds.
  path: Assets/Images/lobo_ori.png
  artifactKey: Guid(529951a5a3c326144a612f4fe4769347) Importer(815301076,1909f56bfc062723c751e8b465ee728b)
Start importing Assets/Images/lobo_ori.png using Guid(529951a5a3c326144a612f4fe4769347) Importer(815301076,1909f56bfc062723c751e8b465ee728b)  -> (artifact id: '5fc3c591078170edfa2da961f7ddf7dd') in 0.025019 seconds 
  Import took 0.029386 seconds .

========================================================================
Received Import Request.
  Time since last request: 0.000274 seconds.
  path: Assets/SoftEffects/Examples/ExamplePSD/Text Effect No3 Unity.psd
  artifactKey: Guid(f30b3162958879f439943a884ce9b15a) Importer(815301076,1909f56bfc062723c751e8b465ee728b)
Start importing Assets/SoftEffects/Examples/ExamplePSD/Text Effect No3 Unity.psd using Guid(f30b3162958879f439943a884ce9b15a) Importer(815301076,1909f56bfc062723c751e8b465ee728b)  -> (artifact id: '43d7afd404ed102ce287030094f4c511') in 0.025432 seconds 
  Import took 0.033786 seconds .

========================================================================
Received Import Request.
  Time since last request: 0.000057 seconds.
  path: Assets/Images/logo-2.png
  artifactKey: Guid(05435c25a1e718b45bcd25c1f863d812) Importer(815301076,1909f56bfc062723c751e8b465ee728b)
Start importing Assets/Images/logo-2.png using Guid(05435c25a1e718b45bcd25c1f863d812) Importer(815301076,1909f56bfc062723c751e8b465ee728b)  -> (artifact id: '30c76f3b2fd6bf1e23f8856f5f8328d4') in 0.025358 seconds 
  Import took 0.030911 seconds .

========================================================================
Received Import Request.
  Time since last request: 0.000230 seconds.
  path: Assets/Images/lobo_ori.png
  artifactKey: Guid(529951a5a3c326144a612f4fe4769347) Importer(815301076,1909f56bfc062723c751e8b465ee728b)
Start importing Assets/Images/lobo_ori.png using Guid(529951a5a3c326144a612f4fe4769347) Importer(815301076,1909f56bfc062723c751e8b465ee728b)  -> (artifact id: '5fc3c591078170edfa2da961f7ddf7dd') in 0.021482 seconds 
  Import took 0.027112 seconds .

========================================================================
Received Import Request.
  Time since last request: 0.000224 seconds.
  path: Assets/SoftEffects/Examples/ExamplePSD/Text Effect No2 Unity.psd
  artifactKey: Guid(6ecaeb2be9a8c7b4986d7ec94e731b6b) Importer(815301076,1909f56bfc062723c751e8b465ee728b)
Start importing Assets/SoftEffects/Examples/ExamplePSD/Text Effect No2 Unity.psd using Guid(6ecaeb2be9a8c7b4986d7ec94e731b6b) Importer(815301076,1909f56bfc062723c751e8b465ee728b)  -> (artifact id: '4e01f78672f4ca9bf04dc0255df13e19') in 0.035357 seconds 
  Import took 0.041036 seconds .

========================================================================
Received Import Request.
  Time since last request: 0.000345 seconds.
  path: Assets/Images/logo-2.png
  artifactKey: Guid(05435c25a1e718b45bcd25c1f863d812) Importer(815301076,1909f56bfc062723c751e8b465ee728b)
Start importing Assets/Images/logo-2.png using Guid(05435c25a1e718b45bcd25c1f863d812) Importer(815301076,1909f56bfc062723c751e8b465ee728b)  -> (artifact id: '30c76f3b2fd6bf1e23f8856f5f8328d4') in 0.020161 seconds 
  Import took 0.029141 seconds .

========================================================================
Received Import Request.
  Time since last request: 0.000264 seconds.
  path: Assets/SoftEffects/Sprites/text.png
  artifactKey: Guid(d3b7a8dcbe0367745bf07d5fffbaa7f2) Importer(815301076,1909f56bfc062723c751e8b465ee728b)
Start importing Assets/SoftEffects/Sprites/text.png using Guid(d3b7a8dcbe0367745bf07d5fffbaa7f2) Importer(815301076,1909f56bfc062723c751e8b465ee728b)  -> (artifact id: '28ac9a8502a9b79030c22d1adeaf9235') in 0.027568 seconds 
  Import took 0.033593 seconds .

========================================================================
Received Import Request.
  Time since last request: 0.000241 seconds.
  path: Assets/SoftEffects/Sprites/Game Background 3.png
  artifactKey: Guid(2e4537b77d23e204abf7c31cd7c48fc6) Importer(815301076,1909f56bfc062723c751e8b465ee728b)
Start importing Assets/SoftEffects/Sprites/Game Background 3.png using Guid(2e4537b77d23e204abf7c31cd7c48fc6) Importer(815301076,1909f56bfc062723c751e8b465ee728b)  -> (artifact id: '5eaf5f6286ec4d68955f81ed1a063bf9') in 0.040957 seconds 
  Import took 0.046779 seconds .

========================================================================
Received Import Request.
  Time since last request: 0.000220 seconds.
  path: Assets/SoftEffects/Examples/ExamplePSD/Text Effect No1 Unity.psd
  artifactKey: Guid(d3b3d7a168b2dac4cbcfeb2349e9db4b) Importer(815301076,1909f56bfc062723c751e8b465ee728b)
Start importing Assets/SoftEffects/Examples/ExamplePSD/Text Effect No1 Unity.psd using Guid(d3b3d7a168b2dac4cbcfeb2349e9db4b) Importer(815301076,1909f56bfc062723c751e8b465ee728b)  -> (artifact id: '05ad50fbbc2a71c3dd079857dec8397c') in 0.028336 seconds 
  Import took 0.033654 seconds .

========================================================================
Received Prepare
Registering precompiled user dll's ...
Registered in 0.040574 seconds.
Begin MonoManager ReloadAssembly
Native extension for WindowsStandalone target not found
Native extension for WebGL target not found
Refreshing native plugins compatible for Editor in 2.11 ms, found 3 plugins.
Preloading 0 native plugins for Editor in 0.00 ms.
Mono: successfully reloaded assembly
- Completed reload, in  5.023 seconds
Domain Reload Profiling:
	ReloadAssembly (5024ms)
		BeginReloadAssembly (186ms)
			ExecutionOrderSort (0ms)
			DisableScriptedObjects (10ms)
			BackupInstance (0ms)
			ReleaseScriptingObjects (0ms)
			CreateAndSetChildDomain (50ms)
		EndReloadAssembly (4721ms)
			LoadAssemblies (183ms)
			RebuildTransferFunctionScriptingTraits (0ms)
			SetupTypeCache (479ms)
			ReleaseScriptCaches (1ms)
			RebuildScriptCaches (69ms)
			SetupLoadedEditorAssemblies (3248ms)
				LogAssemblyErrors (0ms)
				InitializePlatformSupportModulesInManaged (17ms)
				SetLoadedEditorAssemblies (2ms)
				RefreshPlugins (2ms)
				BeforeProcessingInitializeOnLoad (770ms)
				ProcessInitializeOnLoadAttributes (2338ms)
				ProcessInitializeOnLoadMethodAttributes (37ms)
				AfterProcessingInitializeOnLoad (81ms)
				EditorAssembliesLoaded (0ms)
			ExecutionOrderSort2 (0ms)
			AwakeInstancesAfterBackupRestoration (52ms)
Platform modules already initialized, skipping
Refreshing native plugins compatible for Editor in 0.89 ms, found 3 plugins.
Preloading 0 native plugins for Editor in 0.00 ms.
Unloading 2235 Unused Serialized files (Serialized files now loaded: 0)
System memory in use before: 101.4 MB.
System memory in use after: 101.6 MB.

Unloading 29 unused Assets to reduce memory usage. Loaded Objects now: 2712.
Total: 4.024200 ms (FindLiveObjects: 0.259000 ms CreateObjectMapping: 0.134900 ms MarkObjects: 3.540600 ms  DeleteObjects: 0.087400 ms)

AssetImportParameters requested are different than current active one (requested -> active):
  custom:framework-win-MediaFoundation: 216162199b28c13a410421893ffa2e32 -> 
  custom:video-decoder-ogg-theora: a1e56fd34408186e4bbccfd4996cb3dc -> 
  custom:container-muxer-webm: aa71ff27fc2769a1b78a27578f13a17b -> 
  custom:container-demuxer-webm: 4f35f7cbe854078d1ac9338744f61a02 -> 
  custom:container-demuxer-ogg: 62fdf1f143b41e24485cea50d1cbac27 -> 
  custom:video-encoder-webm-vp8: eb34c28f22e8b96e1ab97ce403110664 -> 
  custom:video-decoder-webm-vp8: 9c59270c3fd7afecdb556c50c9e8de78 -> 
  custom:audio-decoder-ogg-vorbis: bf7c407c2cedff20999df2af8eb42d56 -> 
  custom:audio-encoder-webm-vorbis: bf7c407c2cedff20999df2af8eb42d56 -> 
========================================================================
Received Prepare
Refreshing native plugins compatible for Editor in 11.08 ms, found 3 plugins.
Preloading 0 native plugins for Editor in 0.00 ms.
Unloading 27 Unused Serialized files (Serialized files now loaded: 0)
System memory in use before: 57.8 MB.
System memory in use after: 58.0 MB.

Unloading 27 unused Assets to reduce memory usage. Loaded Objects now: 2712.
Total: 2.966200 ms (FindLiveObjects: 0.245100 ms CreateObjectMapping: 0.110600 ms MarkObjects: 2.587200 ms  DeleteObjects: 0.021900 ms)

AssetImportParameters requested are different than current active one (requested -> active):
  custom:framework-win-MediaFoundation: 216162199b28c13a410421893ffa2e32 -> 
  custom:video-decoder-ogg-theora: a1e56fd34408186e4bbccfd4996cb3dc -> 
  custom:container-muxer-webm: aa71ff27fc2769a1b78a27578f13a17b -> 
  custom:container-demuxer-webm: 4f35f7cbe854078d1ac9338744f61a02 -> 
  custom:container-demuxer-ogg: 62fdf1f143b41e24485cea50d1cbac27 -> 
  custom:video-encoder-webm-vp8: eb34c28f22e8b96e1ab97ce403110664 -> 
  custom:video-decoder-webm-vp8: 9c59270c3fd7afecdb556c50c9e8de78 -> 
  custom:audio-decoder-ogg-vorbis: bf7c407c2cedff20999df2af8eb42d56 -> 
  custom:audio-encoder-webm-vorbis: bf7c407c2cedff20999df2af8eb42d56 -> 
========================================================================
Received Prepare
Refreshing native plugins compatible for Editor in 10.10 ms, found 3 plugins.
Preloading 0 native plugins for Editor in 0.00 ms.
Unloading 27 Unused Serialized files (Serialized files now loaded: 0)
System memory in use before: 57.8 MB.
System memory in use after: 58.0 MB.

Unloading 27 unused Assets to reduce memory usage. Loaded Objects now: 2712.
Total: 3.081400 ms (FindLiveObjects: 0.233800 ms CreateObjectMapping: 0.109700 ms MarkObjects: 2.716100 ms  DeleteObjects: 0.020600 ms)

AssetImportParameters requested are different than current active one (requested -> active):
  custom:framework-win-MediaFoundation: 216162199b28c13a410421893ffa2e32 -> 
  custom:video-decoder-ogg-theora: a1e56fd34408186e4bbccfd4996cb3dc -> 
  custom:container-muxer-webm: aa71ff27fc2769a1b78a27578f13a17b -> 
  custom:container-demuxer-webm: 4f35f7cbe854078d1ac9338744f61a02 -> 
  custom:container-demuxer-ogg: 62fdf1f143b41e24485cea50d1cbac27 -> 
  custom:video-encoder-webm-vp8: eb34c28f22e8b96e1ab97ce403110664 -> 
  custom:video-decoder-webm-vp8: 9c59270c3fd7afecdb556c50c9e8de78 -> 
  custom:audio-decoder-ogg-vorbis: bf7c407c2cedff20999df2af8eb42d56 -> 
  custom:audio-encoder-webm-vorbis: bf7c407c2cedff20999df2af8eb42d56 -> 
AssetImportWorkerClient::OnTransportError - code=2 error=End of file
